/home/chixson/programming/agents/agent-2/neotube/src/neotube/propagate.py:573: RuntimeWarning: overflow encountered in cosh
  return float((np.cosh(s) - 1.0) / (-z))
/home/chixson/programming/agents/agent-2/neotube/src/neotube/propagate.py:591: RuntimeWarning: overflow encountered in sinh
  return float((np.sinh(s) - s) / (s**3))
/home/chixson/programming/agents/agent-2/neotube/src/neotube/propagate.py:637: RuntimeWarning: invalid value encountered in scalar divide
  step = F / (dF + 1e-30)
/home/chixson/programming/agents/agent-2/neotube/src/neotube/propagate.py:627: RuntimeWarning: invalid value encountered in scalar add
  (r0_norm * vr0 / sqrt_mu) * chi * chi * C2
/home/chixson/programming/agents/agent-2/neotube/src/neotube/propagate.py:633: RuntimeWarning: invalid value encountered in scalar add
  (r0_norm * vr0 / sqrt_mu) * chi * (1.0 - z * C3)
/home/chixson/programming/agents/agent-2/neotube/src/neotube/propagate.py:627: RuntimeWarning: overflow encountered in scalar multiply
  (r0_norm * vr0 / sqrt_mu) * chi * chi * C2
/home/chixson/programming/agents/agent-2/neotube/src/neotube/propagate.py:628: RuntimeWarning: overflow encountered in scalar multiply
  + (1.0 - alpha * r0_norm) * chi**3 * C3
/home/chixson/programming/agents/agent-2/neotube/src/neotube/propagate.py:633: RuntimeWarning: overflow encountered in scalar multiply
  (r0_norm * vr0 / sqrt_mu) * chi * (1.0 - z * C3)
/home/chixson/programming/agents/agent-2/neotube/src/neotube/propagate.py:634: RuntimeWarning: overflow encountered in scalar multiply
  + (1.0 - alpha * r0_norm) * chi * chi * C2
/home/chixson/programming/agents/agent-2/neotube/src/neotube/propagate.py:627: RuntimeWarning: overflow encountered in scalar add
  (r0_norm * vr0 / sqrt_mu) * chi * chi * C2
/home/chixson/programming/agents/agent-2/neotube/src/neotube/fit_smc.py:220: UserWarning: The balance properties of Sobol' points require n to be a power of 2.
  pts = sampler.random(n_points)
