[fit_smc 2025-12-31 04:57:17 +     0.0s] start n_particles=2000 obs=10 use_kepler=False full_physics_final=True auto_grow=False workers=50 chunk_size=512
[fit_smc 2025-12-31 04:57:17 +     0.0s] creating ProcessPoolExecutor (using default mp start method)
[fit_smc 2025-12-31 04:57:17 +     0.0s] seed scoring uses cached Kepler config for stability (override --no-kepler).
/home/chixson/programming/agents/agent-2/neotube/src/neotube/propagate.py:616: RuntimeWarning: overflow encountered in cosh
  return float((np.cosh(s) - 1.0) / (-z))
/home/chixson/programming/agents/agent-2/neotube/src/neotube/propagate.py:634: RuntimeWarning: overflow encountered in sinh
  return float((np.sinh(s) - s) / (s**3))
/home/chixson/programming/agents/agent-2/neotube/src/neotube/propagate.py:680: RuntimeWarning: invalid value encountered in scalar divide
  step = F / (dF + 1e-30)
/home/chixson/programming/agents/agent-2/neotube/src/neotube/propagate.py:670: RuntimeWarning: invalid value encountered in scalar add
  (r0_norm * vr0 / sqrt_mu) * chi * chi * C2
/home/chixson/programming/agents/agent-2/neotube/src/neotube/propagate.py:676: RuntimeWarning: invalid value encountered in scalar add
  (r0_norm * vr0 / sqrt_mu) * chi * (1.0 - z * C3)
/home/chixson/programming/agents/agent-2/neotube/src/neotube/propagate.py:670: RuntimeWarning: overflow encountered in scalar multiply
  (r0_norm * vr0 / sqrt_mu) * chi * chi * C2
/home/chixson/programming/agents/agent-2/neotube/src/neotube/propagate.py:671: RuntimeWarning: overflow encountered in scalar multiply
  + (1.0 - alpha * r0_norm) * chi**3 * C3
/home/chixson/programming/agents/agent-2/neotube/src/neotube/propagate.py:676: RuntimeWarning: overflow encountered in scalar multiply
  (r0_norm * vr0 / sqrt_mu) * chi * (1.0 - z * C3)
/home/chixson/programming/agents/agent-2/neotube/src/neotube/propagate.py:677: RuntimeWarning: overflow encountered in scalar multiply
  + (1.0 - alpha * r0_norm) * chi * chi * C2
