[fit_smc 2025-12-30 23:40:03 +     0.0s] start n_particles=2000 obs=10 use_kepler=False full_physics_final=True auto_grow=False workers=1 chunk_size=512
/home/chixson/programming/agents/agent-2/neotube/src/neotube/propagate.py:580: RuntimeWarning: overflow encountered in cosh
  return float((np.cosh(s) - 1.0) / (-z))
/home/chixson/programming/agents/agent-2/neotube/src/neotube/propagate.py:598: RuntimeWarning: overflow encountered in sinh
  return float((np.sinh(s) - s) / (s**3))
/home/chixson/programming/agents/agent-2/neotube/src/neotube/propagate.py:644: RuntimeWarning: invalid value encountered in scalar divide
  step = F / (dF + 1e-30)
/home/chixson/programming/agents/agent-2/neotube/src/neotube/propagate.py:634: RuntimeWarning: invalid value encountered in scalar add
  (r0_norm * vr0 / sqrt_mu) * chi * chi * C2
/home/chixson/programming/agents/agent-2/neotube/src/neotube/propagate.py:640: RuntimeWarning: invalid value encountered in scalar add
  (r0_norm * vr0 / sqrt_mu) * chi * (1.0 - z * C3)
/home/chixson/programming/agents/agent-2/neotube/src/neotube/propagate.py:634: RuntimeWarning: overflow encountered in scalar multiply
  (r0_norm * vr0 / sqrt_mu) * chi * chi * C2
/home/chixson/programming/agents/agent-2/neotube/src/neotube/propagate.py:635: RuntimeWarning: overflow encountered in scalar multiply
  + (1.0 - alpha * r0_norm) * chi**3 * C3
/home/chixson/programming/agents/agent-2/neotube/src/neotube/propagate.py:640: RuntimeWarning: overflow encountered in scalar multiply
  (r0_norm * vr0 / sqrt_mu) * chi * (1.0 - z * C3)
/home/chixson/programming/agents/agent-2/neotube/src/neotube/propagate.py:641: RuntimeWarning: overflow encountered in scalar multiply
  + (1.0 - alpha * r0_norm) * chi * chi * C2
/home/chixson/programming/agents/agent-2/neotube/src/neotube/propagate.py:634: RuntimeWarning: overflow encountered in scalar add
  (r0_norm * vr0 / sqrt_mu) * chi * chi * C2
/home/chixson/programming/agents/agent-2/neotube/src/neotube/fit_smc.py:228: UserWarning: The balance properties of Sobol' points require n to be a power of 2.
  pts = sampler.random(n_points)
[fit_smc 2025-12-30 23:40:29 +    26.3s] seeded 2000 states (valid=1461)
